<?xml version="1.0" encoding="UTF-8"?>
<testsuite xmlns:xsi="http://www.w3.org/2001/XMLSchema-instance" xsi:noNamespaceSchemaLocation="https://maven.apache.org/surefire/maven-surefire-plugin/xsd/surefire-test-report.xsd" version="3.0.1" name="com.TeamZubiDubi.Parser.AppTest" time="0.091" tests="1" errors="0" skipped="0" failures="0">
  <properties>
    <property name="java.specification.version" value="21"/>
    <property name="sun.jnu.encoding" value="UTF-8"/>
    <property name="java.class.path" value="/Users/vickianaramirez/Downloads/TeamZubiDubi/parser.app/target/test-classes:/Users/vickianaramirez/Downloads/TeamZubiDubi/parser.app/target/classes:/Users/vickianaramirez/.m2/repository/org/junit/jupiter/junit-jupiter-api/5.11.0/junit-jupiter-api-5.11.0.jar:/Users/vickianaramirez/.m2/repository/org/opentest4j/opentest4j/1.3.0/opentest4j-1.3.0.jar:/Users/vickianaramirez/.m2/repository/org/junit/platform/junit-platform-commons/1.11.0/junit-platform-commons-1.11.0.jar:/Users/vickianaramirez/.m2/repository/org/apiguardian/apiguardian-api/1.1.2/apiguardian-api-1.1.2.jar:/Users/vickianaramirez/.m2/repository/org/junit/jupiter/junit-jupiter-params/5.11.0/junit-jupiter-params-5.11.0.jar:/Users/vickianaramirez/.m2/repository/software/amazon/awssdk/bedrockruntime/2.28.26/bedrockruntime-2.28.26.jar:/Users/vickianaramirez/.m2/repository/software/amazon/awssdk/protocol-core/2.28.26/protocol-core-2.28.26.jar:/Users/vickianaramirez/.m2/repository/software/amazon/awssdk/aws-json-protocol/2.28.26/aws-json-protocol-2.28.26.jar:/Users/vickianaramirez/.m2/repository/software/amazon/awssdk/third-party-jackson-core/2.28.26/third-party-jackson-core-2.28.26.jar:/Users/vickianaramirez/.m2/repository/software/amazon/awssdk/http-auth-aws/2.28.26/http-auth-aws-2.28.26.jar:/Users/vickianaramirez/.m2/repository/software/amazon/awssdk/checksums-spi/2.28.26/checksums-spi-2.28.26.jar:/Users/vickianaramirez/.m2/repository/software/amazon/awssdk/checksums/2.28.26/checksums-2.28.26.jar:/Users/vickianaramirez/.m2/repository/software/amazon/awssdk/sdk-core/2.28.26/sdk-core-2.28.26.jar:/Users/vickianaramirez/.m2/repository/software/amazon/awssdk/retries/2.28.26/retries-2.28.26.jar:/Users/vickianaramirez/.m2/repository/org/reactivestreams/reactive-streams/1.0.4/reactive-streams-1.0.4.jar:/Users/vickianaramirez/.m2/repository/software/amazon/awssdk/http-auth-spi/2.28.26/http-auth-spi-2.28.26.jar:/Users/vickianaramirez/.m2/repository/software/amazon/awssdk/http-auth/2.28.26/http-auth-2.28.26.jar:/Users/vickianaramirez/.m2/repository/software/amazon/awssdk/identity-spi/2.28.26/identity-spi-2.28.26.jar:/Users/vickianaramirez/.m2/repository/software/amazon/awssdk/http-client-spi/2.28.26/http-client-spi-2.28.26.jar:/Users/vickianaramirez/.m2/repository/software/amazon/awssdk/regions/2.28.26/regions-2.28.26.jar:/Users/vickianaramirez/.m2/repository/software/amazon/awssdk/annotations/2.28.26/annotations-2.28.26.jar:/Users/vickianaramirez/.m2/repository/software/amazon/awssdk/utils/2.28.26/utils-2.28.26.jar:/Users/vickianaramirez/.m2/repository/software/amazon/awssdk/aws-core/2.28.26/aws-core-2.28.26.jar:/Users/vickianaramirez/.m2/repository/software/amazon/awssdk/metrics-spi/2.28.26/metrics-spi-2.28.26.jar:/Users/vickianaramirez/.m2/repository/software/amazon/awssdk/json-utils/2.28.26/json-utils-2.28.26.jar:/Users/vickianaramirez/.m2/repository/software/amazon/awssdk/endpoints-spi/2.28.26/endpoints-spi-2.28.26.jar:/Users/vickianaramirez/.m2/repository/software/amazon/awssdk/retries-spi/2.28.26/retries-spi-2.28.26.jar:/Users/vickianaramirez/.m2/repository/software/amazon/awssdk/apache-client/2.28.26/apache-client-2.28.26.jar:/Users/vickianaramirez/.m2/repository/org/apache/httpcomponents/httpclient/4.5.13/httpclient-4.5.13.jar:/Users/vickianaramirez/.m2/repository/commons-logging/commons-logging/1.2/commons-logging-1.2.jar:/Users/vickianaramirez/.m2/repository/org/apache/httpcomponents/httpcore/4.4.16/httpcore-4.4.16.jar:/Users/vickianaramirez/.m2/repository/commons-codec/commons-codec/1.17.1/commons-codec-1.17.1.jar:/Users/vickianaramirez/.m2/repository/software/amazon/awssdk/netty-nio-client/2.28.26/netty-nio-client-2.28.26.jar:/Users/vickianaramirez/.m2/repository/io/netty/netty-codec-http/4.1.112.Final/netty-codec-http-4.1.112.Final.jar:/Users/vickianaramirez/.m2/repository/io/netty/netty-codec-http2/4.1.112.Final/netty-codec-http2-4.1.112.Final.jar:/Users/vickianaramirez/.m2/repository/io/netty/netty-codec/4.1.112.Final/netty-codec-4.1.112.Final.jar:/Users/vickianaramirez/.m2/repository/io/netty/netty-transport/4.1.112.Final/netty-transport-4.1.112.Final.jar:/Users/vickianaramirez/.m2/repository/io/netty/netty-common/4.1.112.Final/netty-common-4.1.112.Final.jar:/Users/vickianaramirez/.m2/repository/io/netty/netty-buffer/4.1.112.Final/netty-buffer-4.1.112.Final.jar:/Users/vickianaramirez/.m2/repository/io/netty/netty-handler/4.1.112.Final/netty-handler-4.1.112.Final.jar:/Users/vickianaramirez/.m2/repository/io/netty/netty-transport-native-unix-common/4.1.112.Final/netty-transport-native-unix-common-4.1.112.Final.jar:/Users/vickianaramirez/.m2/repository/io/netty/netty-transport-classes-epoll/4.1.112.Final/netty-transport-classes-epoll-4.1.112.Final.jar:/Users/vickianaramirez/.m2/repository/io/netty/netty-resolver/4.1.112.Final/netty-resolver-4.1.112.Final.jar:/Users/vickianaramirez/.m2/repository/software/amazon/awssdk/sts/2.28.26/sts-2.28.26.jar:/Users/vickianaramirez/.m2/repository/software/amazon/awssdk/aws-query-protocol/2.28.26/aws-query-protocol-2.28.26.jar:/Users/vickianaramirez/.m2/repository/software/amazon/awssdk/profiles/2.28.26/profiles-2.28.26.jar:/Users/vickianaramirez/.m2/repository/software/amazon/awssdk/auth/2.28.26/auth-2.28.26.jar:/Users/vickianaramirez/.m2/repository/software/amazon/awssdk/http-auth-aws-eventstream/2.28.26/http-auth-aws-eventstream-2.28.26.jar:/Users/vickianaramirez/.m2/repository/software/amazon/eventstream/eventstream/1.0.1/eventstream-1.0.1.jar:/Users/vickianaramirez/.m2/repository/ch/qos/logback/logback-classic/1.2.3/logback-classic-1.2.3.jar:/Users/vickianaramirez/.m2/repository/ch/qos/logback/logback-core/1.2.3/logback-core-1.2.3.jar:/Users/vickianaramirez/.m2/repository/org/slf4j/slf4j-api/1.7.25/slf4j-api-1.7.25.jar:"/>
    <property name="java.vm.vendor" value="Oracle Corporation"/>
    <property name="sun.arch.data.model" value="64"/>
    <property name="java.vendor.url" value="https://java.oracle.com/"/>
    <property name="os.name" value="Mac OS X"/>
    <property name="java.vm.specification.version" value="21"/>
    <property name="sun.java.launcher" value="SUN_STANDARD"/>
    <property name="user.country" value="US"/>
    <property name="sun.boot.library.path" value="/Library/Java/JavaVirtualMachines/jdk-21.jdk/Contents/Home/lib"/>
    <property name="sun.java.command" value="/Users/vickianaramirez/Downloads/TeamZubiDubi/parser.app/target/surefire/surefirebooter-20241019220345583_3.jar /Users/vickianaramirez/Downloads/TeamZubiDubi/parser.app/target/surefire 2024-10-19T22-03-45_369-jvmRun1 surefire-20241019220345583_1tmp surefire_0-20241019220345583_2tmp"/>
    <property name="jdk.debug" value="release"/>
    <property name="surefire.test.class.path" value="/Users/vickianaramirez/Downloads/TeamZubiDubi/parser.app/target/test-classes:/Users/vickianaramirez/Downloads/TeamZubiDubi/parser.app/target/classes:/Users/vickianaramirez/.m2/repository/org/junit/jupiter/junit-jupiter-api/5.11.0/junit-jupiter-api-5.11.0.jar:/Users/vickianaramirez/.m2/repository/org/opentest4j/opentest4j/1.3.0/opentest4j-1.3.0.jar:/Users/vickianaramirez/.m2/repository/org/junit/platform/junit-platform-commons/1.11.0/junit-platform-commons-1.11.0.jar:/Users/vickianaramirez/.m2/repository/org/apiguardian/apiguardian-api/1.1.2/apiguardian-api-1.1.2.jar:/Users/vickianaramirez/.m2/repository/org/junit/jupiter/junit-jupiter-params/5.11.0/junit-jupiter-params-5.11.0.jar:/Users/vickianaramirez/.m2/repository/software/amazon/awssdk/bedrockruntime/2.28.26/bedrockruntime-2.28.26.jar:/Users/vickianaramirez/.m2/repository/software/amazon/awssdk/protocol-core/2.28.26/protocol-core-2.28.26.jar:/Users/vickianaramirez/.m2/repository/software/amazon/awssdk/aws-json-protocol/2.28.26/aws-json-protocol-2.28.26.jar:/Users/vickianaramirez/.m2/repository/software/amazon/awssdk/third-party-jackson-core/2.28.26/third-party-jackson-core-2.28.26.jar:/Users/vickianaramirez/.m2/repository/software/amazon/awssdk/http-auth-aws/2.28.26/http-auth-aws-2.28.26.jar:/Users/vickianaramirez/.m2/repository/software/amazon/awssdk/checksums-spi/2.28.26/checksums-spi-2.28.26.jar:/Users/vickianaramirez/.m2/repository/software/amazon/awssdk/checksums/2.28.26/checksums-2.28.26.jar:/Users/vickianaramirez/.m2/repository/software/amazon/awssdk/sdk-core/2.28.26/sdk-core-2.28.26.jar:/Users/vickianaramirez/.m2/repository/software/amazon/awssdk/retries/2.28.26/retries-2.28.26.jar:/Users/vickianaramirez/.m2/repository/org/reactivestreams/reactive-streams/1.0.4/reactive-streams-1.0.4.jar:/Users/vickianaramirez/.m2/repository/software/amazon/awssdk/http-auth-spi/2.28.26/http-auth-spi-2.28.26.jar:/Users/vickianaramirez/.m2/repository/software/amazon/awssdk/http-auth/2.28.26/http-auth-2.28.26.jar:/Users/vickianaramirez/.m2/repository/software/amazon/awssdk/identity-spi/2.28.26/identity-spi-2.28.26.jar:/Users/vickianaramirez/.m2/repository/software/amazon/awssdk/http-client-spi/2.28.26/http-client-spi-2.28.26.jar:/Users/vickianaramirez/.m2/repository/software/amazon/awssdk/regions/2.28.26/regions-2.28.26.jar:/Users/vickianaramirez/.m2/repository/software/amazon/awssdk/annotations/2.28.26/annotations-2.28.26.jar:/Users/vickianaramirez/.m2/repository/software/amazon/awssdk/utils/2.28.26/utils-2.28.26.jar:/Users/vickianaramirez/.m2/repository/software/amazon/awssdk/aws-core/2.28.26/aws-core-2.28.26.jar:/Users/vickianaramirez/.m2/repository/software/amazon/awssdk/metrics-spi/2.28.26/metrics-spi-2.28.26.jar:/Users/vickianaramirez/.m2/repository/software/amazon/awssdk/json-utils/2.28.26/json-utils-2.28.26.jar:/Users/vickianaramirez/.m2/repository/software/amazon/awssdk/endpoints-spi/2.28.26/endpoints-spi-2.28.26.jar:/Users/vickianaramirez/.m2/repository/software/amazon/awssdk/retries-spi/2.28.26/retries-spi-2.28.26.jar:/Users/vickianaramirez/.m2/repository/software/amazon/awssdk/apache-client/2.28.26/apache-client-2.28.26.jar:/Users/vickianaramirez/.m2/repository/org/apache/httpcomponents/httpclient/4.5.13/httpclient-4.5.13.jar:/Users/vickianaramirez/.m2/repository/commons-logging/commons-logging/1.2/commons-logging-1.2.jar:/Users/vickianaramirez/.m2/repository/org/apache/httpcomponents/httpcore/4.4.16/httpcore-4.4.16.jar:/Users/vickianaramirez/.m2/repository/commons-codec/commons-codec/1.17.1/commons-codec-1.17.1.jar:/Users/vickianaramirez/.m2/repository/software/amazon/awssdk/netty-nio-client/2.28.26/netty-nio-client-2.28.26.jar:/Users/vickianaramirez/.m2/repository/io/netty/netty-codec-http/4.1.112.Final/netty-codec-http-4.1.112.Final.jar:/Users/vickianaramirez/.m2/repository/io/netty/netty-codec-http2/4.1.112.Final/netty-codec-http2-4.1.112.Final.jar:/Users/vickianaramirez/.m2/repository/io/netty/netty-codec/4.1.112.Final/netty-codec-4.1.112.Final.jar:/Users/vickianaramirez/.m2/repository/io/netty/netty-transport/4.1.112.Final/netty-transport-4.1.112.Final.jar:/Users/vickianaramirez/.m2/repository/io/netty/netty-common/4.1.112.Final/netty-common-4.1.112.Final.jar:/Users/vickianaramirez/.m2/repository/io/netty/netty-buffer/4.1.112.Final/netty-buffer-4.1.112.Final.jar:/Users/vickianaramirez/.m2/repository/io/netty/netty-handler/4.1.112.Final/netty-handler-4.1.112.Final.jar:/Users/vickianaramirez/.m2/repository/io/netty/netty-transport-native-unix-common/4.1.112.Final/netty-transport-native-unix-common-4.1.112.Final.jar:/Users/vickianaramirez/.m2/repository/io/netty/netty-transport-classes-epoll/4.1.112.Final/netty-transport-classes-epoll-4.1.112.Final.jar:/Users/vickianaramirez/.m2/repository/io/netty/netty-resolver/4.1.112.Final/netty-resolver-4.1.112.Final.jar:/Users/vickianaramirez/.m2/repository/software/amazon/awssdk/sts/2.28.26/sts-2.28.26.jar:/Users/vickianaramirez/.m2/repository/software/amazon/awssdk/aws-query-protocol/2.28.26/aws-query-protocol-2.28.26.jar:/Users/vickianaramirez/.m2/repository/software/amazon/awssdk/profiles/2.28.26/profiles-2.28.26.jar:/Users/vickianaramirez/.m2/repository/software/amazon/awssdk/auth/2.28.26/auth-2.28.26.jar:/Users/vickianaramirez/.m2/repository/software/amazon/awssdk/http-auth-aws-eventstream/2.28.26/http-auth-aws-eventstream-2.28.26.jar:/Users/vickianaramirez/.m2/repository/software/amazon/eventstream/eventstream/1.0.1/eventstream-1.0.1.jar:/Users/vickianaramirez/.m2/repository/ch/qos/logback/logback-classic/1.2.3/logback-classic-1.2.3.jar:/Users/vickianaramirez/.m2/repository/ch/qos/logback/logback-core/1.2.3/logback-core-1.2.3.jar:/Users/vickianaramirez/.m2/repository/org/slf4j/slf4j-api/1.7.25/slf4j-api-1.7.25.jar:"/>
    <property name="sun.cpu.endian" value="little"/>
    <property name="user.home" value="/Users/vickianaramirez"/>
    <property name="user.language" value="en"/>
    <property name="java.specification.vendor" value="Oracle Corporation"/>
    <property name="java.version.date" value="2024-01-16"/>
    <property name="java.home" value="/Library/Java/JavaVirtualMachines/jdk-21.jdk/Contents/Home"/>
    <property name="file.separator" value="/"/>
    <property name="basedir" value="/Users/vickianaramirez/Downloads/TeamZubiDubi/parser.app"/>
    <property name="java.vm.compressedOopsMode" value="Zero based"/>
    <property name="line.separator" value="&#10;"/>
    <property name="java.specification.name" value="Java Platform API Specification"/>
    <property name="java.vm.specification.vendor" value="Oracle Corporation"/>
    <property name="apple.awt.application.name" value="ForkedBooter"/>
    <property name="surefire.real.class.path" value="/Users/vickianaramirez/Downloads/TeamZubiDubi/parser.app/target/surefire/surefirebooter-20241019220345583_3.jar"/>
    <property name="sun.management.compiler" value="HotSpot 64-Bit Tiered Compilers"/>
    <property name="java.runtime.version" value="21.0.2+13-LTS-58"/>
    <property name="user.name" value="vickianaramirez"/>
    <property name="stdout.encoding" value="UTF-8"/>
    <property name="path.separator" value=":"/>
    <property name="os.version" value="14.7"/>
    <property name="java.runtime.name" value="Java(TM) SE Runtime Environment"/>
    <property name="file.encoding" value="UTF-8"/>
    <property name="java.vm.name" value="Java HotSpot(TM) 64-Bit Server VM"/>
    <property name="localRepository" value="/Users/vickianaramirez/.m2/repository"/>
    <property name="java.vendor.url.bug" value="https://bugreport.java.com/bugreport/"/>
    <property name="java.io.tmpdir" value="/var/folders/jz/g9tjk4tj5nd2x9zyszxfx96m0000gn/T/"/>
    <property name="java.version" value="21.0.2"/>
    <property name="user.dir" value="/Users/vickianaramirez/Downloads/TeamZubiDubi/parser.app"/>
    <property name="os.arch" value="x86_64"/>
    <property name="java.vm.specification.name" value="Java Virtual Machine Specification"/>
    <property name="native.encoding" value="UTF-8"/>
    <property name="java.library.path" value="/Users/vickianaramirez/Library/Java/Extensions:/Library/Java/Extensions:/Network/Library/Java/Extensions:/System/Library/Java/Extensions:/usr/lib/java:."/>
    <property name="java.vm.info" value="mixed mode, sharing"/>
    <property name="stderr.encoding" value="UTF-8"/>
    <property name="java.vendor" value="Oracle Corporation"/>
    <property name="java.vm.version" value="21.0.2+13-LTS-58"/>
    <property name="sun.io.unicode.encoding" value="UnicodeBig"/>
    <property name="java.class.version" value="65.0"/>
  </properties>
  <testcase name="shouldAnswerWithTrue" classname="com.TeamZubiDubi.Parser.AppTest" time="0.043"/>
</testsuite>